TN:
SF:src/lib/api.js
FN:6,buildGrpcWebOptions
FN:15,createMessengerClients
FNF:2
FNH:1
FNDA:1,buildGrpcWebOptions
FNDA:0,createMessengerClients
DA:7,1
DA:16,0
DA:17,0
DA:19,0
LF:4
LH:1
BRDA:6,0,0,0
BRDA:16,1,0,0
BRDA:16,1,1,0
BRF:3
BRH:0
end_of_record
TN:
SF:src/lib/archive-e2ee.js
FN:5,assertCrypto
FN:11,randomKeyId
FN:15,bytesToBase64
FN:24,base64ToBytes
FN:34,generateKeyMaterial
FN:44,importPrivateKey
FN:48,importPrivateKeyPkcs8
FN:52,importPublicKey
FN:56,derivePasswordKey
FN:72,deriveArchiveAesKey
FN:90,createArchiveIdentity
FN:102,exportArchiveIdentityState
FN:113,importArchiveIdentityState
FN:128,wrapArchiveIdentityForServer
FN:152,restoreArchiveIdentityFromServer
FN:182,encryptArchivePayload
FN:195,decryptArchivePayload
FNF:17
FNH:16
FNDA:10,assertCrypto
FNDA:3,randomKeyId
FNDA:3,bytesToBase64
FNDA:3,base64ToBytes
FNDA:4,generateKeyMaterial
FNDA:2,importPrivateKey
FNDA:1,importPrivateKeyPkcs8
FNDA:4,importPublicKey
FNDA:3,derivePasswordKey
FNDA:2,deriveArchiveAesKey
FNDA:3,createArchiveIdentity
FNDA:0,exportArchiveIdentityState
FNDA:2,importArchiveIdentityState
FNDA:1,wrapArchiveIdentityForServer
FNDA:2,restoreArchiveIdentityFromServer
FNDA:1,encryptArchivePayload
FNDA:1,decryptArchivePayload
DA:1,1
DA:2,1
DA:3,1
DA:6,10
DA:7,0
DA:12,3
DA:16,3
DA:17,3
DA:18,268
DA:19,3
DA:21,0
DA:25,3
DA:26,3
DA:27,3
DA:28,268
DA:29,3
DA:31,0
DA:35,4
DA:36,4
DA:45,2
DA:49,1
DA:53,4
DA:57,3
DA:58,3
DA:73,2
DA:74,2
DA:75,2
DA:76,2
DA:91,3
DA:92,3
DA:93,3
DA:103,0
DA:114,2
DA:115,2
DA:116,2
DA:129,1
DA:130,1
DA:131,1
DA:132,1
DA:133,1
DA:134,1
DA:135,1
DA:140,1
DA:141,1
DA:142,1
DA:143,1
DA:153,2
DA:154,2
DA:155,2
DA:156,2
DA:157,2
DA:158,2
DA:159,2
DA:160,2
DA:161,2
DA:162,1
DA:171,1
DA:172,1
DA:183,1
DA:184,1
DA:185,1
DA:186,1
DA:187,1
DA:188,1
DA:196,1
DA:197,1
DA:198,1
DA:199,1
LF:68
LH:64
BRDA:6,0,0,0
BRDA:6,0,1,10
BRDA:11,1,0,3
BRDA:16,2,0,3
BRDA:16,2,1,0
BRDA:25,3,0,3
BRDA:25,3,1,0
BRDA:107,4,0,0
BRDA:107,4,1,0
BRDA:120,5,0,2
BRDA:120,5,1,0
BRDA:148,6,0,1
BRDA:148,6,1,0
BRDA:154,7,0,2
BRDA:154,7,1,0
BRDA:158,8,0,2
BRDA:158,8,1,0
BRDA:161,9,0,1
BRDA:161,9,1,1
BRDA:166,10,0,1
BRDA:166,10,1,0
BRDA:176,11,0,1
BRDA:176,11,1,0
BRF:23
BRH:12
end_of_record
TN:
SF:src/lib/auth-ui.js
FN:3,loginFeedback
FNF:1
FNH:1
FNDA:2,loginFeedback
DA:4,2
DA:5,2
DA:6,1
DA:11,1
DA:12,1
DA:19,0
LF:6
LH:5
BRDA:4,0,0,2
BRDA:4,0,1,0
BRDA:5,1,0,1
BRDA:5,1,1,1
BRDA:11,2,0,1
BRDA:11,2,1,0
BRDA:20,3,0,0
BRDA:20,3,1,0
BRDA:20,4,0,0
BRDA:20,4,1,0
BRF:10
BRH:4
end_of_record
TN:
SF:src/lib/avatar.js
FN:1,initials
FN:4,(anonymous_1)
FN:10,avatarView
FNF:3
FNH:3
FNDA:3,initials
FNDA:5,(anonymous_1)
FNDA:2,avatarView
DA:2,3
DA:4,5
DA:11,2
DA:12,1
DA:18,1
LF:5
LH:5
BRDA:2,0,0,3
BRDA:2,0,1,0
BRDA:2,1,0,3
BRDA:2,1,1,1
BRDA:4,2,0,5
BRDA:4,2,1,0
BRDA:11,3,0,1
BRDA:11,3,1,1
BRDA:15,4,0,1
BRDA:15,4,1,0
BRDA:15,4,2,0
BRDA:20,5,0,1
BRDA:20,5,1,0
BRF:13
BRH:8
end_of_record
TN:
SF:src/lib/chat-encryption.js
FN:3,encryptionPrefsStorageKey
FN:7,isConversationEncryptionEnabled
FN:14,loadEncryptionPrefs
FN:30,saveEncryptionPrefs
FN:41,setConversationEncryption
FNF:5
FNH:5
FNDA:4,encryptionPrefsStorageKey
FNDA:6,isConversationEncryptionEnabled
FNDA:1,loadEncryptionPrefs
FNDA:1,saveEncryptionPrefs
FNDA:2,setConversationEncryption
DA:1,1
DA:4,4
DA:8,6
DA:9,0
DA:11,6
DA:15,1
DA:16,1
DA:17,0
DA:19,1
DA:20,1
DA:21,1
DA:22,2
DA:25,0
DA:27,1
DA:31,1
DA:32,0
DA:34,1
DA:35,1
DA:36,2
DA:38,1
DA:42,2
DA:43,2
DA:44,0
DA:46,2
DA:47,2
LF:25
LH:20
BRDA:8,0,0,0
BRDA:8,0,1,6
BRDA:16,1,0,0
BRDA:16,1,1,1
BRDA:20,2,0,1
BRDA:20,2,1,0
BRDA:31,3,0,0
BRDA:31,3,1,1
BRDA:43,4,0,0
BRDA:43,4,1,2
BRF:10
BRH:5
end_of_record
TN:
SF:src/lib/chat-state.js
FN:1,makeConversationId
FN:5,peerFromConversationId
FN:13,displayName
FN:22,conversationLabel
FN:29,conversationMetaLine
FN:38,normalizeAvatarHex
FN:46,ensureConversationForMessage
FN:53,(anonymous_7)
FN:62,(anonymous_8)
FN:63,(anonymous_9)
FN:67,upsertConversation
FN:71,(anonymous_11)
FN:74,removeConversationById
FN:78,(anonymous_13)
FN:81,upsertMessageCollection
FN:88,(anonymous_15)
FN:93,(anonymous_16)
FN:99,removeMessageCollection
FN:102,(anonymous_18)
FN:108,findMessageById
FN:113,(anonymous_20)
FN:121,isGroupMessage
FNF:22
FNH:22
FNDA:3,makeConversationId
FNDA:3,peerFromConversationId
FNDA:4,displayName
FNDA:1,conversationLabel
FNDA:1,conversationMetaLine
FNDA:4,normalizeAvatarHex
FNDA:2,ensureConversationForMessage
FNDA:2,(anonymous_7)
FNDA:2,(anonymous_8)
FNDA:2,(anonymous_9)
FNDA:1,upsertConversation
FNDA:2,(anonymous_11)
FNDA:1,removeConversationById
FNDA:2,(anonymous_13)
FNDA:3,upsertMessageCollection
FNDA:3,(anonymous_15)
FNDA:1,(anonymous_16)
FNDA:1,removeMessageCollection
FNDA:3,(anonymous_18)
FNDA:2,findMessageById
FNDA:2,(anonymous_20)
FNDA:2,isGroupMessage
DA:2,3
DA:6,3
DA:7,3
DA:8,1
DA:10,2
DA:14,4
DA:15,4
DA:16,1
DA:18,3
DA:19,3
DA:23,1
DA:24,1
DA:26,0
DA:30,1
DA:31,1
DA:32,1
DA:34,0
DA:35,0
DA:39,4
DA:40,4
DA:41,0
DA:43,4
DA:47,2
DA:48,2
DA:49,0
DA:52,2
DA:53,2
DA:54,1
DA:61,1
DA:62,2
DA:63,2
DA:68,1
DA:69,0
DA:71,2
DA:75,1
DA:76,0
DA:78,2
DA:82,3
DA:83,0
DA:86,3
DA:87,3
DA:88,3
DA:89,3
DA:90,1
DA:92,2
DA:93,2
DA:95,3
DA:96,3
DA:100,1
DA:101,1
DA:102,3
DA:103,2
DA:105,1
DA:109,2
DA:110,0
DA:112,2
DA:113,2
DA:114,2
DA:115,1
DA:118,1
DA:122,2
LF:61
LH:52
BRDA:7,0,0,1
BRDA:7,0,1,2
BRDA:7,1,0,3
BRDA:7,1,1,3
BRDA:10,2,0,1
BRDA:10,2,1,1
BRDA:14,3,0,4
BRDA:14,3,1,2
BRDA:14,4,0,1
BRDA:14,4,1,1
BRDA:15,5,0,1
BRDA:15,5,1,3
BRDA:18,6,0,3
BRDA:18,6,1,1
BRDA:18,7,0,3
BRDA:18,7,1,1
BRDA:19,8,0,3
BRDA:19,8,1,1
BRDA:23,9,0,1
BRDA:23,9,1,0
BRDA:23,10,0,1
BRDA:23,10,1,1
BRDA:26,11,0,0
BRDA:26,11,1,0
BRDA:26,11,2,0
BRDA:30,12,0,1
BRDA:30,12,1,0
BRDA:31,13,0,1
BRDA:31,13,1,0
BRDA:34,14,0,0
BRDA:34,14,1,0
BRDA:34,14,2,0
BRDA:35,15,0,0
BRDA:35,15,1,0
BRDA:40,16,0,0
BRDA:40,16,1,4
BRDA:43,17,0,2
BRDA:43,17,1,2
BRDA:48,18,0,0
BRDA:48,18,1,2
BRDA:52,19,0,1
BRDA:52,19,1,1
BRDA:53,20,0,1
BRDA:53,20,1,1
BRDA:57,21,0,1
BRDA:57,21,1,0
BRDA:68,22,0,0
BRDA:68,22,1,1
BRDA:75,23,0,0
BRDA:75,23,1,1
BRDA:82,24,0,0
BRDA:82,24,1,3
BRDA:82,25,0,3
BRDA:82,25,1,3
BRDA:87,26,0,3
BRDA:87,26,1,1
BRDA:89,27,0,1
BRDA:89,27,1,2
BRDA:109,28,0,0
BRDA:109,28,1,2
BRDA:114,29,0,1
BRDA:114,29,1,1
BRDA:122,30,0,2
BRDA:122,30,1,2
BRF:64
BRH:46
end_of_record
TN:
SF:src/lib/direct-chat.js
FN:5,prepareDirectConversation
FN:19,(anonymous_1)
FN:34,directIdentityErrorMessage
FN:47,currentDevicePrekeyBundle
FN:69,hasDirectBundleMaterial
FN:76,shouldDecryptDirectAsSender
FN:86,(anonymous_6)
FNF:7
FNH:6
FNDA:2,prepareDirectConversation
FNDA:1,(anonymous_1)
FNDA:2,directIdentityErrorMessage
FNDA:1,currentDevicePrekeyBundle
FNDA:3,hasDirectBundleMaterial
FNDA:2,shouldDecryptDirectAsSender
FNDA:0,(anonymous_6)
DA:12,2
DA:13,2
DA:14,2
DA:15,1
DA:18,2
DA:19,2
DA:20,1
DA:27,2
DA:35,2
DA:37,2
DA:41,2
DA:42,1
DA:44,1
DA:48,1
DA:70,3
DA:71,3
DA:72,3
DA:73,3
DA:77,2
DA:78,0
DA:80,2
DA:82,2
DA:83,1
DA:85,1
DA:86,0
DA:87,1
DA:88,0
DA:90,1
LF:28
LH:25
BRDA:14,0,0,1
BRDA:14,0,1,1
BRDA:19,1,0,1
BRDA:19,1,1,1
BRDA:23,2,0,1
BRDA:23,2,1,0
BRDA:35,3,0,1
BRDA:35,3,1,1
BRDA:35,4,0,1
BRDA:35,4,1,0
BRDA:35,5,0,1
BRDA:35,5,1,0
BRDA:35,6,0,0
BRDA:35,6,1,0
BRDA:37,7,0,2
BRDA:37,7,1,1
BRDA:37,7,2,1
BRDA:37,7,3,0
BRDA:37,7,4,1
BRDA:37,7,5,1
BRDA:41,8,0,1
BRDA:41,8,1,1
BRDA:70,9,0,3
BRDA:70,9,1,1
BRDA:72,10,0,3
BRDA:72,10,1,2
BRDA:72,10,2,2
BRDA:73,11,0,3
BRDA:73,11,1,2
BRDA:73,11,2,1
BRDA:73,11,3,1
BRDA:73,11,4,1
BRDA:73,11,5,1
BRDA:77,12,0,0
BRDA:77,12,1,2
BRDA:80,13,0,2
BRDA:80,13,1,2
BRDA:82,14,0,1
BRDA:82,14,1,1
BRDA:85,15,0,1
BRDA:85,15,1,0
BRDA:86,16,0,0
BRDA:86,16,1,0
BRDA:87,17,0,0
BRDA:87,17,1,1
BRF:45
BRH:34
end_of_record
TN:
SF:src/lib/double-ratchet.js
FN:14,assertCrypto
FN:18,randomKeyId
FN:22,concat
FN:23,(anonymous_3)
FN:33,utf8
FN:37,canonicalSignedPrekeyBytes
FN:50,hkdfBytes
FN:57,aesGcmEncrypt
FN:64,aesGcmDecrypt
FN:69,b64
FN:78,fromB64
FN:88,keypair
FN:93,signSignedPrekey
FN:105,normalizeBundle
FN:123,verifySignedPrekey
FN:140,createRatchetIdentity
FN:165,(anonymous_16)
FN:168,(anonymous_17)
FN:190,attachMethods
FN:191,toIdentityKey
FN:194,toPrekeyBundle
FN:214,deriveInitialRootAsSender
FN:220,deriveInitialRootAsRecipient
FN:223,(anonymous_23)
FN:229,kdfRoot
FN:234,kdfChain
FN:239,sessionKey
FN:243,sentKey
FN:247,cloneSession
FN:259,encryptRatchetMessage
FN:318,nextReceivingMessageKey
FN:367,decryptRatchetMessage
FN:380,exportRatchetIdentity
FN:399,(anonymous_33)
FN:405,(anonymous_34)
FN:418,importRatchetIdentity
FN:440,(anonymous_36)
FN:446,(anonymous_37)
FNF:38
FNH:35
FNDA:85,assertCrypto
FNDA:46,randomKeyId
FNDA:75,concat
FNDA:362,(anonymous_3)
FNDA:114,utf8
FNDA:38,canonicalSignedPrekeyBytes
FNDA:85,hkdfBytes
FNDA:12,aesGcmEncrypt
FNDA:13,aesGcmDecrypt
FNDA:65,b64
FNDA:21,fromB64
FNDA:57,keypair
FNDA:23,signSignedPrekey
FNDA:28,normalizeBundle
FNDA:15,verifySignedPrekey
FNDA:23,createRatchetIdentity
FNDA:22,(anonymous_16)
FNDA:13,(anonymous_17)
FNDA:3,attachMethods
FNDA:2,toIdentityKey
FNDA:2,toPrekeyBundle
FNDA:8,deriveInitialRootAsSender
FNDA:8,deriveInitialRootAsRecipient
FNDA:0,(anonymous_23)
FNDA:21,kdfRoot
FNDA:24,kdfChain
FNDA:24,sessionKey
FNDA:25,sentKey
FNDA:4,cloneSession
FNDA:13,encryptRatchetMessage
FNDA:12,nextReceivingMessageKey
FNDA:13,decryptRatchetMessage
FNDA:3,exportRatchetIdentity
FNDA:0,(anonymous_33)
FNDA:1,(anonymous_34)
FNDA:3,importRatchetIdentity
FNDA:0,(anonymous_36)
FNDA:1,(anonymous_37)
DA:3,2
DA:4,2
DA:5,2
DA:7,2
DA:9,2
DA:10,2
DA:11,2
DA:12,2
DA:15,85
DA:19,46
DA:23,362
DA:24,75
DA:25,75
DA:26,75
DA:27,362
DA:28,362
DA:30,75
DA:34,114
DA:38,38
DA:51,85
DA:52,85
DA:53,85
DA:54,85
DA:58,12
DA:59,12
DA:60,12
DA:61,12
DA:65,13
DA:66,13
DA:70,65
DA:71,65
DA:72,2176
DA:73,65
DA:75,0
DA:79,21
DA:80,21
DA:81,21
DA:82,768
DA:83,21
DA:85,0
DA:89,57
DA:90,57
DA:94,23
DA:106,28
DA:124,15
DA:125,15
DA:126,0
DA:128,15
DA:141,23
DA:142,23
DA:143,23
DA:144,23
DA:166,22
DA:169,13
DA:186,23
DA:187,23
DA:191,3
DA:192,2
DA:194,3
DA:195,2
DA:211,3
DA:215,8
DA:216,8
DA:217,8
DA:221,8
DA:222,8
DA:223,0
DA:225,8
DA:226,8
DA:230,21
DA:231,21
DA:235,24
DA:236,24
DA:240,24
DA:244,25
DA:248,4
DA:260,13
DA:261,13
DA:262,12
DA:263,12
DA:264,12
DA:265,12
DA:266,12
DA:267,8
DA:268,8
DA:269,8
DA:270,8
DA:283,4
DA:284,1
DA:285,1
DA:286,1
DA:296,12
DA:297,12
DA:298,12
DA:299,12
DA:300,12
DA:301,12
DA:302,12
DA:303,12
DA:319,12
DA:320,12
DA:321,12
DA:322,12
DA:323,12
DA:324,12
DA:325,8
DA:326,8
DA:327,8
DA:340,4
DA:341,2
DA:342,2
DA:343,2
DA:344,2
DA:358,12
DA:359,12
DA:360,12
DA:361,12
DA:362,12
DA:364,12
DA:368,13
DA:369,13
DA:370,13
DA:371,1
DA:373,12
DA:374,12
DA:375,11
DA:376,11
DA:377,11
DA:381,3
DA:399,0
DA:405,1
DA:419,3
DA:420,0
DA:422,3
DA:440,0
DA:446,1
LF:136
LH:129
BRDA:15,0,0,0
BRDA:15,0,1,85
BRDA:34,1,0,114
BRDA:34,1,1,0
BRDA:37,2,0,0
BRDA:50,3,0,40
BRDA:50,4,0,85
BRDA:70,5,0,65
BRDA:70,5,1,0
BRDA:79,6,0,21
BRDA:79,6,1,0
BRDA:107,7,0,28
BRDA:107,7,1,0
BRDA:107,7,2,0
BRDA:108,8,0,28
BRDA:108,8,1,8
BRDA:108,8,2,8
BRDA:108,8,3,8
BRDA:109,9,0,28
BRDA:109,9,1,15
BRDA:109,9,2,0
BRDA:112,10,0,28
BRDA:112,10,1,0
BRDA:114,11,0,28
BRDA:114,11,1,0
BRDA:116,12,0,0
BRDA:116,12,1,28
BRDA:118,13,0,0
BRDA:118,13,1,0
BRDA:125,14,0,0
BRDA:125,14,1,15
BRDA:125,15,0,15
BRDA:125,15,1,15
BRDA:125,15,2,15
BRDA:140,16,0,0
BRDA:216,17,0,0
BRDA:216,17,1,8
BRDA:222,18,0,0
BRDA:222,18,1,8
BRDA:223,19,0,0
BRDA:223,19,1,0
BRDA:225,20,0,0
BRDA:225,20,1,8
BRDA:240,21,0,24
BRDA:240,21,1,7
BRDA:251,22,0,2
BRDA:251,22,1,2
BRDA:252,23,0,3
BRDA:252,23,1,1
BRDA:259,24,0,4
BRDA:261,25,0,1
BRDA:261,25,1,12
BRDA:262,26,0,12
BRDA:262,26,1,4
BRDA:264,27,0,0
BRDA:264,27,1,12
BRDA:265,28,0,0
BRDA:265,28,1,12
BRDA:266,29,0,8
BRDA:266,29,1,4
BRDA:283,30,0,1
BRDA:283,30,1,3
BRDA:309,31,0,12
BRDA:309,31,1,12
BRDA:310,32,0,12
BRDA:310,32,1,12
BRDA:319,33,0,12
BRDA:319,33,1,3
BRDA:319,33,2,3
BRDA:320,34,0,12
BRDA:320,34,1,3
BRDA:320,34,2,3
BRDA:320,34,3,3
BRDA:322,35,0,0
BRDA:322,35,1,12
BRDA:323,36,0,4
BRDA:323,36,1,8
BRDA:324,37,0,8
BRDA:324,37,1,4
BRDA:340,38,0,2
BRDA:340,38,1,2
BRDA:367,39,0,0
BRDA:367,40,0,4
BRDA:368,41,0,0
BRDA:368,41,1,13
BRDA:368,42,0,13
BRDA:368,42,1,13
BRDA:370,43,0,1
BRDA:370,43,1,12
BRDA:375,44,0,0
BRDA:375,44,1,11
BRDA:399,45,0,3
BRDA:399,45,1,0
BRDA:405,46,0,3
BRDA:405,46,1,0
BRDA:408,47,0,0
BRDA:408,47,1,1
BRDA:409,48,0,1
BRDA:409,48,1,0
BRDA:414,49,0,3
BRDA:414,49,1,0
BRDA:419,50,0,0
BRDA:419,50,1,3
BRDA:420,51,0,0
BRDA:420,51,1,0
BRDA:424,52,0,3
BRDA:424,52,1,2
BRDA:431,53,0,3
BRDA:431,53,1,2
BRDA:440,54,0,3
BRDA:440,54,1,0
BRDA:446,55,0,3
BRDA:446,55,1,0
BRDA:449,56,0,0
BRDA:449,56,1,1
BRDA:450,57,0,1
BRDA:450,57,1,0
BRDA:455,58,0,3
BRDA:455,58,1,0
BRF:119
BRH:80
end_of_record
TN:
SF:src/lib/e2ee.js
FN:17,assertCrypto
FN:23,randomKeyId
FN:27,bytesToBase64
FN:41,base64ToBytes
FN:56,concatUint8Arrays
FN:57,(anonymous_5)
FN:67,generateKeyMaterial
FN:83,deriveX25519AesKey
FN:100,importPrivateKey
FN:110,importPublicKey
FN:120,deriveCombinedAesKey
FN:156,makePrekey
FN:167,createIdentity
FN:172,createOneTimePrekeys
FN:176,topUpOneTimePrekeys
FN:177,(anonymous_15)
FN:188,exportIdentityState
FN:192,importStoredPrekey
FN:210,importIdentityState
FN:236,buildPublishPrekeyBundle
FN:244,(anonymous_20)
FN:245,(anonymous_21)
FN:253,markPrekeysAsPublished
FN:257,(anonymous_23)
FN:261,encryptDirectMessage
FN:265,findLocalOneTimePrekey
FN:266,(anonymous_26)
FN:269,decryptDirectMessageForRecipient
FN:273,decryptDirectMessageForSender
FN:277,createGroupKeyPackage
FN:313,decryptGroupKeyEnvelope
FN:328,encryptGroupMessage
FN:340,decryptGroupMessage
FN:351,serializeGroupKey
FN:355,deserializeGroupKey
FNF:35
FNH:16
FNDA:18,assertCrypto
FNDA:0,randomKeyId
FNDA:0,bytesToBase64
FNDA:0,base64ToBytes
FNDA:0,concatUint8Arrays
FNDA:0,(anonymous_5)
FNDA:0,generateKeyMaterial
FNDA:3,deriveX25519AesKey
FNDA:0,importPrivateKey
FNDA:0,importPublicKey
FNDA:0,deriveCombinedAesKey
FNDA:0,makePrekey
FNDA:12,createIdentity
FNDA:1,createOneTimePrekeys
FNDA:1,topUpOneTimePrekeys
FNDA:0,(anonymous_15)
FNDA:2,exportIdentityState
FNDA:0,importStoredPrekey
FNDA:2,importIdentityState
FNDA:1,buildPublishPrekeyBundle
FNDA:0,(anonymous_20)
FNDA:0,(anonymous_21)
FNDA:1,markPrekeysAsPublished
FNDA:0,(anonymous_23)
FNDA:4,encryptDirectMessage
FNDA:0,findLocalOneTimePrekey
FNDA:0,(anonymous_26)
FNDA:3,decryptDirectMessageForRecipient
FNDA:1,decryptDirectMessageForSender
FNDA:1,createGroupKeyPackage
FNDA:1,decryptGroupKeyEnvelope
FNDA:1,encryptGroupMessage
FNDA:1,decryptGroupMessage
FNDA:0,serializeGroupKey
FNDA:0,deserializeGroupKey
DA:10,1
DA:11,1
DA:12,1
DA:14,1
DA:15,1
DA:18,18
DA:19,0
DA:24,0
DA:28,0
DA:29,0
DA:30,0
DA:31,0
DA:33,0
DA:35,0
DA:36,0
DA:38,0
DA:42,0
DA:43,0
DA:44,0
DA:45,0
DA:46,0
DA:48,0
DA:50,0
DA:51,0
DA:53,0
DA:57,0
DA:58,0
DA:59,0
DA:60,0
DA:61,0
DA:62,0
DA:64,0
DA:68,0
DA:73,0
DA:74,0
DA:75,0
DA:84,3
DA:85,3
DA:86,3
DA:101,0
DA:111,0
DA:121,0
DA:122,0
DA:123,0
DA:124,0
DA:125,0
DA:126,0
DA:128,0
DA:129,0
DA:134,0
DA:137,0
DA:138,0
DA:141,0
DA:142,0
DA:157,0
DA:158,0
DA:168,12
DA:169,12
DA:173,1
DA:177,1
DA:178,1
DA:179,0
DA:181,1
DA:182,1
DA:189,2
DA:193,0
DA:194,0
DA:195,0
DA:197,0
DA:198,0
DA:211,2
DA:212,2
DA:213,2
DA:215,0
DA:216,0
DA:228,0
DA:229,0
DA:230,0
DA:233,0
DA:237,1
DA:244,0
DA:245,0
DA:254,1
DA:257,0
DA:262,4
DA:266,0
DA:270,3
DA:274,1
DA:278,1
DA:279,1
DA:280,1
DA:282,1
DA:283,2
DA:288,2
DA:289,2
DA:294,2
DA:304,1
DA:314,1
DA:315,1
DA:320,1
DA:325,1
DA:329,1
DA:330,1
DA:331,1
DA:332,1
DA:337,1
DA:341,1
DA:342,1
DA:343,1
DA:348,1
DA:352,0
DA:356,0
LF:112
LH:47
BRDA:18,0,0,0
BRDA:18,0,1,18
BRDA:23,1,0,0
BRDA:28,2,0,0
BRDA:28,2,1,0
BRDA:35,3,0,0
BRDA:35,3,1,0
BRDA:42,4,0,0
BRDA:42,4,1,0
BRDA:50,5,0,0
BRDA:50,5,1,0
BRDA:125,6,0,0
BRDA:125,6,1,0
BRDA:125,7,0,0
BRDA:125,7,1,0
BRDA:125,7,2,0
BRDA:137,8,0,0
BRDA:137,8,1,0
BRDA:167,9,0,11
BRDA:176,10,0,0
BRDA:177,11,0,1
BRDA:177,11,1,0
BRDA:178,12,0,0
BRDA:178,12,1,1
BRDA:184,13,0,1
BRDA:184,13,1,0
BRDA:193,14,0,0
BRDA:193,14,1,0
BRDA:193,15,0,0
BRDA:193,15,1,0
BRDA:199,16,0,0
BRDA:199,16,1,0
BRDA:212,17,0,2
BRDA:212,17,1,0
BRDA:212,18,0,2
BRDA:212,18,1,0
BRDA:228,19,0,0
BRDA:228,19,1,0
BRDA:242,20,0,1
BRDA:242,20,1,0
BRDA:243,21,0,1
BRDA:243,21,1,0
BRDA:256,22,0,1
BRDA:256,22,1,0
BRDA:257,23,0,1
BRDA:257,23,1,0
BRDA:266,24,0,0
BRDA:266,24,1,0
BRDA:266,25,0,0
BRDA:266,25,1,0
BRDA:274,26,0,1
BRDA:274,26,1,1
BRDA:274,26,2,1
BRDA:274,27,0,1
BRDA:274,27,1,1
BRDA:285,28,0,2
BRDA:285,28,1,0
BRF:57
BRH:17
end_of_record
TN:
SF:src/lib/group-editor.js
FN:1,addDraftMember
FN:2,(anonymous_1)
FN:8,removeDraftMember
FN:9,(anonymous_3)
FN:12,filterSelectableUsers
FN:13,(anonymous_5)
FN:14,(anonymous_6)
FNF:7
FNH:7
FNDA:2,addDraftMember
FNDA:2,(anonymous_1)
FNDA:1,removeDraftMember
FNDA:2,(anonymous_3)
FNDA:1,filterSelectableUsers
FNDA:1,(anonymous_5)
FNDA:3,(anonymous_6)
DA:2,2
DA:3,1
DA:5,1
DA:9,2
DA:13,1
DA:14,3
LF:6
LH:6
BRDA:2,0,0,1
BRDA:2,0,1,1
BRDA:2,1,0,2
BRDA:2,1,1,2
BRDA:14,2,0,3
BRDA:14,2,1,3
BRDA:14,2,2,2
BRF:7
BRH:7
end_of_record
TN:
SF:src/lib/group-permissions.js
FN:1,currentUserRole
FN:5,(anonymous_1)
FN:9,canManageGroupMembers
FN:13,canRemoveGroupMember
FN:18,(anonymous_4)
FN:19,(anonymous_5)
FN:32,canTransferAdmin
FNF:7
FNH:7
FNDA:8,currentUserRole
FNDA:15,(anonymous_1)
FNDA:3,canManageGroupMembers
FNDA:5,canRemoveGroupMember
FNDA:5,(anonymous_4)
FNDA:6,(anonymous_5)
FNDA:2,canTransferAdmin
DA:2,8
DA:3,0
DA:5,15
DA:6,8
DA:10,3
DA:14,5
DA:15,2
DA:18,5
DA:19,6
DA:20,3
DA:21,0
DA:23,3
DA:24,1
DA:26,2
DA:27,1
DA:29,1
DA:33,2
LF:17
LH:15
BRDA:2,0,0,0
BRDA:2,0,1,8
BRDA:2,1,0,8
BRDA:2,1,1,8
BRDA:6,2,0,8
BRDA:6,2,1,2
BRDA:14,3,0,2
BRDA:14,3,1,3
BRDA:14,4,0,5
BRDA:14,4,1,5
BRDA:14,4,2,5
BRDA:14,4,3,5
BRDA:20,5,0,0
BRDA:20,5,1,3
BRDA:20,6,0,3
BRDA:20,6,1,3
BRDA:23,7,0,1
BRDA:23,7,1,2
BRDA:26,8,0,1
BRDA:26,8,1,1
BRF:20
BRH:18
end_of_record
TN:
SF:src/lib/identity-state.js
FN:1,identityStorageKey
FN:9,hasUsableDirectIdentityMaterial
FNF:2
FNH:2
FNDA:2,identityStorageKey
FNDA:5,hasUsableDirectIdentityMaterial
DA:2,2
DA:3,2
DA:4,2
DA:10,5
DA:21,1
DA:23,4
LF:6
LH:6
BRDA:2,0,0,2
BRDA:2,0,1,0
BRDA:3,1,0,2
BRDA:3,1,1,1
BRDA:4,2,0,1
BRDA:4,2,1,1
BRDA:10,3,0,1
BRDA:10,3,1,4
BRDA:11,4,0,5
BRDA:11,4,1,5
BRDA:11,4,2,2
BRDA:11,4,3,2
BRDA:11,4,4,2
BRDA:11,4,5,2
BRDA:11,4,6,2
BRDA:11,4,7,2
BRDA:11,4,8,2
BRDA:24,5,0,4
BRDA:24,5,1,4
BRDA:24,5,2,2
BRDA:24,5,3,2
BRDA:24,5,4,2
BRDA:24,5,5,2
BRDA:24,5,6,2
BRDA:24,5,7,1
BRF:25
BRH:24
end_of_record
TN:
SF:src/lib/media-e2ee.js
FN:5,assertCrypto
FN:11,bytesToBase64
FN:25,base64ToBytes
FN:40,attachmentKindForMime
FN:50,sha256Bytes
FN:55,encryptMediaBytes
FN:83,serializeMediaDescriptor
FN:87,deserializeMediaDescriptor
FN:91,decryptMediaBytes
FNF:9
FNH:9
FNDA:4,assertCrypto
FNDA:3,bytesToBase64
FNDA:1,base64ToBytes
FNDA:5,attachmentKindForMime
FNDA:2,sha256Bytes
FNDA:1,encryptMediaBytes
FNDA:1,serializeMediaDescriptor
FNDA:1,deserializeMediaDescriptor
FNDA:1,decryptMediaBytes
DA:1,1
DA:2,1
DA:3,1
DA:6,4
DA:7,0
DA:12,3
DA:13,3
DA:14,3
DA:15,96
DA:17,3
DA:19,0
DA:20,0
DA:22,0
DA:26,1
DA:27,1
DA:28,1
DA:29,1
DA:30,32
DA:32,1
DA:34,0
DA:35,0
DA:37,0
DA:41,5
DA:42,3
DA:44,2
DA:45,1
DA:47,1
DA:51,2
DA:52,2
DA:56,1
DA:57,1
DA:58,1
DA:59,1
DA:60,1
DA:61,1
DA:62,1
DA:84,1
DA:88,1
DA:92,1
DA:93,1
DA:94,1
DA:95,1
DA:96,1
DA:97,0
DA:99,1
LF:45
LH:37
BRDA:6,0,0,0
BRDA:6,0,1,4
BRDA:12,1,0,3
BRDA:12,1,1,0
BRDA:19,2,0,0
BRDA:19,2,1,0
BRDA:26,3,0,1
BRDA:26,3,1,0
BRDA:34,4,0,0
BRDA:34,4,1,0
BRDA:41,5,0,3
BRDA:41,5,1,2
BRDA:44,6,0,1
BRDA:44,6,1,1
BRDA:96,7,0,0
BRDA:96,7,1,1
BRF:16
BRH:8
end_of_record
